<?xml version="1.0" encoding="UTF-8"?>
<!-- Generated by org.testng.reporters.JUnitXMLReporter -->
<testsuite ignored="0" hostname="DESKTOP-7DJOK08" failures="0" tests="3" name="Default test" time="37.583" errors="0" timestamp="2023-12-17T22:02:28 EST">
  <testcase classname="com.login.www.VerifyLoginButton" name="verifyLogin" time="14.855"/>
  <testcase classname="com.login.www.VerifyLoginButton" name="verifyLogin" time="11.415"/>
  <testcase classname="com.login.www.VerifyLoginButton" name="verifyLogin" time="11.232"/>
</testsuite> <!-- Default test -->
