<?xml version="1.0" encoding="UTF-8"?>
<!-- Generated by org.testng.reporters.JUnitXMLReporter -->
<testsuite ignored="0" hostname="DESKTOP-7DJOK08" failures="0" tests="8" name="Test" time="16.556" errors="0" timestamp="2023-12-29T10:37:07 EST">
  <testcase classname="testCases.SecondTestCase" name="verifyTitle" time="0.075"/>
  <testcase classname="testCases.SecondTestCase" name="openHomeAccessories" time="2.742"/>
  <testcase classname="testCases.SecondTestCase" name="verifyHomeAccessoriesTitle" time="0.039"/>
  <testcase classname="testCases.SecondTestCase" name="addProductToCart" time="7.271"/>
  <testcase classname="testCases.FirstTestCase" name="verifyTitle" time="0.03"/>
  <testcase classname="testCases.FirstTestCase" name="verifySearchButton" time="0.51"/>
  <testcase classname="testCases.FirstTestCase" name="verifyProduct" time="0.034"/>
  <testcase classname="testCases.FirstTestCase" name="addProductToCart" time="4.318"/>
</testsuite> <!-- Test -->
