<?xml version="1.0" encoding="UTF-8"?>
<!-- Generated by org.testng.reporters.JUnitXMLReporter -->
<testsuite ignored="0" hostname="DESKTOP-7DJOK08" failures="0" tests="8" name="Test" time="17.814" errors="0" timestamp="2023-12-29T10:39:19 EST">
  <testcase classname="testCases.SecondTestCase" name="verifyTitle" time="0.078"/>
  <testcase classname="testCases.SecondTestCase" name="openHomeAccessories" time="2.802"/>
  <testcase classname="testCases.SecondTestCase" name="verifyHomeAccessoriesTitle" time="0.058"/>
  <testcase classname="testCases.SecondTestCase" name="addProductToCart" time="7.423"/>
  <testcase classname="testCases.FirstTestCase" name="verifyTitle" time="0.033"/>
  <testcase classname="testCases.FirstTestCase" name="verifySearchButton" time="0.565"/>
  <testcase classname="testCases.FirstTestCase" name="verifyProduct" time="0.031"/>
  <testcase classname="testCases.FirstTestCase" name="addProductToCart" time="4.342"/>
</testsuite> <!-- Test -->
