<?xml version="1.0" encoding="UTF-8"?>
<!-- Generated by org.testng.reporters.JUnitXMLReporter -->
<testsuite ignored="0" hostname="DESKTOP-7DJOK08" failures="0" tests="8" name="Test" time="17.595" errors="0" timestamp="2024-01-02T09:29:30 EST">
  <testcase classname="testCases.SecondTestCase" name="verifyTitle" time="0.08"/>
  <testcase classname="testCases.SecondTestCase" name="openHomeAccessories" time="2.869"/>
  <testcase classname="testCases.SecondTestCase" name="verifyHomeAccessoriesTitle" time="0.054"/>
  <testcase classname="testCases.SecondTestCase" name="addProductToCart" time="7.453"/>
  <testcase classname="testCases.FirstTestCase" name="verifyTitle" time="0.032"/>
  <testcase classname="testCases.FirstTestCase" name="verifySearchButton" time="0.641"/>
  <testcase classname="testCases.FirstTestCase" name="verifyProduct" time="0.064"/>
  <testcase classname="testCases.FirstTestCase" name="addProductToCart" time="4.519"/>
</testsuite> <!-- Test -->
