<?xml version="1.0" encoding="UTF-8"?>
<testng-results ignored="0" total="8" passed="8" failed="0" skipped="0">
  <reporter-output>
  </reporter-output>
  <suite started-at="2024-01-02T09:29:12 EST" name="Suite" finished-at="2024-01-02T09:29:30 EST" duration-ms="17595">
    <groups>
    </groups>
    <test started-at="2024-01-02T09:29:12 EST" name="Test" finished-at="2024-01-02T09:29:30 EST" duration-ms="17595">
      <class name="testCases.SecondTestCase">
        <test-method is-config="true" signature="openBrowser()[pri:0, instance:testCases.SecondTestCase@239b0f9d]" started-at="2024-01-02T09:29:13 EST" name="openBrowser" finished-at="2024-01-02T09:29:14 EST" duration-ms="904" status="PASS">
          <reporter-output>
          </reporter-output>
        </test-method> <!-- openBrowser -->
        <test-method signature="verifyTitle()[pri:1, instance:testCases.SecondTestCase@239b0f9d]" started-at="2024-01-02T09:29:14 EST" name="verifyTitle" finished-at="2024-01-02T09:29:14 EST" duration-ms="80" status="PASS">
          <reporter-output>
          </reporter-output>
        </test-method> <!-- verifyTitle -->
        <test-method signature="openHomeAccessories()[pri:3, instance:testCases.SecondTestCase@239b0f9d]" started-at="2024-01-02T09:29:14 EST" name="openHomeAccessories" finished-at="2024-01-02T09:29:17 EST" duration-ms="2869" status="PASS">
          <reporter-output>
          </reporter-output>
        </test-method> <!-- openHomeAccessories -->
        <test-method signature="verifyHomeAccessoriesTitle()[pri:6, instance:testCases.SecondTestCase@239b0f9d]" started-at="2024-01-02T09:29:17 EST" name="verifyHomeAccessoriesTitle" finished-at="2024-01-02T09:29:17 EST" duration-ms="54" status="PASS">
          <reporter-output>
          </reporter-output>
        </test-method> <!-- verifyHomeAccessoriesTitle -->
        <test-method signature="addProductToCart()[pri:9, instance:testCases.SecondTestCase@239b0f9d]" started-at="2024-01-02T09:29:17 EST" name="addProductToCart" finished-at="2024-01-02T09:29:24 EST" duration-ms="7453" status="PASS">
          <reporter-output>
          </reporter-output>
        </test-method> <!-- addProductToCart -->
      </class> <!-- testCases.SecondTestCase -->
      <class name="testCases.FirstTestCase">
        <test-method is-config="true" signature="openBrowser()[pri:0, instance:testCases.FirstTestCase@45be7cd5]" started-at="2024-01-02T09:29:12 EST" name="openBrowser" finished-at="2024-01-02T09:29:13 EST" duration-ms="915" status="PASS">
          <reporter-output>
          </reporter-output>
        </test-method> <!-- openBrowser -->
        <test-method signature="verifyTitle()[pri:3, instance:testCases.FirstTestCase@45be7cd5]" started-at="2024-01-02T09:29:24 EST" name="verifyTitle" finished-at="2024-01-02T09:29:25 EST" duration-ms="32" status="PASS">
          <reporter-output>
          </reporter-output>
        </test-method> <!-- verifyTitle -->
        <test-method signature="verifySearchButton()[pri:8, instance:testCases.FirstTestCase@45be7cd5]" started-at="2024-01-02T09:29:25 EST" name="verifySearchButton" finished-at="2024-01-02T09:29:25 EST" duration-ms="641" status="PASS">
          <reporter-output>
          </reporter-output>
        </test-method> <!-- verifySearchButton -->
        <test-method signature="verifyProduct()[pri:12, instance:testCases.FirstTestCase@45be7cd5]" started-at="2024-01-02T09:29:25 EST" name="verifyProduct" finished-at="2024-01-02T09:29:25 EST" depends-on-methods="testCases.FirstTestCase.verifySearchButton" duration-ms="64" status="PASS">
          <reporter-output>
          </reporter-output>
        </test-method> <!-- verifyProduct -->
        <test-method signature="addProductToCart()[pri:15, instance:testCases.FirstTestCase@45be7cd5]" started-at="2024-01-02T09:29:25 EST" name="addProductToCart" finished-at="2024-01-02T09:29:30 EST" depends-on-methods="testCases.FirstTestCase.verifyProduct" duration-ms="4519" status="PASS">
          <reporter-output>
          </reporter-output>
        </test-method> <!-- addProductToCart -->
      </class> <!-- testCases.FirstTestCase -->
    </test> <!-- Test -->
  </suite> <!-- Suite -->
</testng-results>
