<?xml version="1.0" encoding="UTF-8"?>
<testng-results ignored="0" total="8" passed="8" failed="0" skipped="0">
  <reporter-output>
  </reporter-output>
  <suite started-at="2023-12-29T10:39:01 EST" name="Suite" finished-at="2023-12-29T10:39:19 EST" duration-ms="17814">
    <groups>
    </groups>
    <test started-at="2023-12-29T10:39:01 EST" name="Test" finished-at="2023-12-29T10:39:19 EST" duration-ms="17814">
      <class name="testCases.SecondTestCase">
        <test-method is-config="true" signature="openBrowser()[pri:0, instance:testCases.SecondTestCase@619bfe29]" started-at="2023-12-29T10:39:02 EST" name="openBrowser" finished-at="2023-12-29T10:39:03 EST" duration-ms="1420" status="PASS">
          <reporter-output>
          </reporter-output>
        </test-method> <!-- openBrowser -->
        <test-method signature="verifyTitle()[pri:1, instance:testCases.SecondTestCase@619bfe29]" started-at="2023-12-29T10:39:03 EST" name="verifyTitle" finished-at="2023-12-29T10:39:04 EST" duration-ms="78" status="PASS">
          <reporter-output>
          </reporter-output>
        </test-method> <!-- verifyTitle -->
        <test-method signature="openHomeAccessories()[pri:3, instance:testCases.SecondTestCase@619bfe29]" started-at="2023-12-29T10:39:04 EST" name="openHomeAccessories" finished-at="2023-12-29T10:39:06 EST" duration-ms="2802" status="PASS">
          <reporter-output>
          </reporter-output>
        </test-method> <!-- openHomeAccessories -->
        <test-method signature="verifyHomeAccessoriesTitle()[pri:6, instance:testCases.SecondTestCase@619bfe29]" started-at="2023-12-29T10:39:06 EST" name="verifyHomeAccessoriesTitle" finished-at="2023-12-29T10:39:06 EST" duration-ms="58" status="PASS">
          <reporter-output>
          </reporter-output>
        </test-method> <!-- verifyHomeAccessoriesTitle -->
        <test-method signature="addProductToCart()[pri:9, instance:testCases.SecondTestCase@619bfe29]" started-at="2023-12-29T10:39:06 EST" name="addProductToCart" finished-at="2023-12-29T10:39:14 EST" duration-ms="7423" status="PASS">
          <reporter-output>
          </reporter-output>
        </test-method> <!-- addProductToCart -->
      </class> <!-- testCases.SecondTestCase -->
      <class name="testCases.FirstTestCase">
        <test-method is-config="true" signature="openBrowser()[pri:0, instance:testCases.FirstTestCase@7651218e]" started-at="2023-12-29T10:39:01 EST" name="openBrowser" finished-at="2023-12-29T10:39:02 EST" duration-ms="1014" status="PASS">
          <reporter-output>
          </reporter-output>
        </test-method> <!-- openBrowser -->
        <test-method signature="verifyTitle()[pri:3, instance:testCases.FirstTestCase@7651218e]" started-at="2023-12-29T10:39:14 EST" name="verifyTitle" finished-at="2023-12-29T10:39:14 EST" duration-ms="33" status="PASS">
          <reporter-output>
          </reporter-output>
        </test-method> <!-- verifyTitle -->
        <test-method signature="verifySearchButton()[pri:8, instance:testCases.FirstTestCase@7651218e]" started-at="2023-12-29T10:39:14 EST" name="verifySearchButton" finished-at="2023-12-29T10:39:14 EST" duration-ms="565" status="PASS">
          <reporter-output>
          </reporter-output>
        </test-method> <!-- verifySearchButton -->
        <test-method signature="verifyProduct()[pri:12, instance:testCases.FirstTestCase@7651218e]" started-at="2023-12-29T10:39:14 EST" name="verifyProduct" finished-at="2023-12-29T10:39:14 EST" depends-on-methods="testCases.FirstTestCase.verifySearchButton" duration-ms="31" status="PASS">
          <reporter-output>
          </reporter-output>
        </test-method> <!-- verifyProduct -->
        <test-method signature="addProductToCart()[pri:15, instance:testCases.FirstTestCase@7651218e]" started-at="2023-12-29T10:39:14 EST" name="addProductToCart" finished-at="2023-12-29T10:39:19 EST" depends-on-methods="testCases.FirstTestCase.verifyProduct" duration-ms="4342" status="PASS">
          <reporter-output>
          </reporter-output>
        </test-method> <!-- addProductToCart -->
      </class> <!-- testCases.FirstTestCase -->
    </test> <!-- Test -->
  </suite> <!-- Suite -->
</testng-results>
