<?xml version="1.0" encoding="UTF-8"?>
<testsuite xmlns:xsi="http://www.w3.org/2001/XMLSchema-instance" xsi:noNamespaceSchemaLocation="https://maven.apache.org/surefire/maven-surefire-plugin/xsd/surefire-test-report-3.0.xsd" version="3.0" name="TestSuite" time="22.147" tests="8" errors="0" skipped="0" failures="0">
  <properties>
[...]
</properties>
  <testcase name="verifyTitle" classname="testCases.SecondTestCase" time="0.08">
    <system-out><![CDATA[Title verified
]]></system-out>
    <system-err><![CDATA[SLF4J: Failed to load class "org.slf4j.impl.StaticLoggerBinder".
SLF4J: Defaulting to no-operation (NOP) logger implementation
SLF4J: See http://www.slf4j.org/codes.html#StaticLoggerBinder for further details.
Jan 02, 2024 9:29:11 AM org.openqa.selenium.devtools.CdpVersionFinder findNearestMatch
WARNING: Unable to find an exact match for CDP version 120, returning the closest version; found: 119; Please update to a Selenium version that supports CDP version 120
Jan 02, 2024 9:29:12 AM org.openqa.selenium.devtools.CdpVersionFinder findNearestMatch
WARNING: Unable to find an exact match for CDP version 120, returning the closest version; found: 119; Please update to a Selenium version that supports CDP version 120
]]></system-err>
  </testcase>
  <testcase name="openHomeAccessories" classname="testCases.SecondTestCase" time="2.869"/>
  <testcase name="verifyHomeAccessoriesTitle" classname="testCases.SecondTestCase" time="0.054">
    <system-out><![CDATA[HOME ACCESSORIES title verified
]]></system-out>
  </testcase>
  <testcase name="addProductToCart" classname="testCases.SecondTestCase" time="7.453"/>
  <testcase name="verifyTitle" classname="testCases.FirstTestCase" time="0.032">
    <system-out><![CDATA[Title verified
]]></system-out>
  </testcase>
  <testcase name="verifySearchButton" classname="testCases.FirstTestCase" time="0.641">
    <system-out><![CDATA[Search button displayed: true
Women sweater searched
]]></system-out>
  </testcase>
  <testcase name="verifyProduct" classname="testCases.FirstTestCase" time="0.064">
    <system-out><![CDATA[Hummingbird Printed Sweater*****Hummingbird Printed Sweater
Product verified
]]></system-out>
  </testcase>
  <testcase name="addProductToCart" classname="testCases.FirstTestCase" time="4.511"/>
</testsuite>